Flow report for NES
Sat Mar 30 18:12:48 2024
Quartus Prime Version 20.1.0 Build 711 06/05/2020 SJ Lite Edition


---------------------
; Table of Contents ;
---------------------
  1. Legal Notice
  2. Flow Summary
  3. Flow Settings
  4. Flow Non-Default Global Settings
  5. Flow Elapsed Time
  6. Flow OS Summary
  7. Flow Log
  8. Flow Messages
  9. Flow Suppressed Messages



----------------
; Legal Notice ;
----------------
Copyright (C) 2020  Intel Corporation. All rights reserved.
Your use of Intel Corporation's design tools, logic functions 
and other software and tools, and any partner logic 
functions, and any output files from any of the foregoing 
(including device programming or simulation files), and any 
associated documentation or information are expressly subject 
to the terms and conditions of the Intel Program License 
Subscription Agreement, the Intel Quartus Prime License Agreement,
the Intel FPGA IP License Agreement, or other applicable license
agreement, including, without limitation, that your use is for
the sole purpose of programming logic devices manufactured by
Intel and sold by Intel or its authorized distributors.  Please
refer to the applicable agreement for further details, at
https://fpgasoftware.intel.com/eula.



+----------------------------------------------------------------------------------+
; Flow Summary                                                                     ;
+------------------------------------+---------------------------------------------+
; Flow Status                        ; Successful - Sat Mar 30 18:12:29 2024       ;
; Quartus Prime Version              ; 20.1.0 Build 711 06/05/2020 SJ Lite Edition ;
; Revision Name                      ; NES                                         ;
; Top-level Entity Name              ; NES                                         ;
; Family                             ; Cyclone 10 LP                               ;
; Device                             ; 10CL016YU256C8G                             ;
; Timing Models                      ; Final                                       ;
; Total logic elements               ; 13,302 / 15,408 ( 86 % )                    ;
;     Total combinational functions  ; 12,111 / 15,408 ( 79 % )                    ;
;     Dedicated logic registers      ; 3,065 / 15,408 ( 20 % )                     ;
; Total registers                    ; 3073                                        ;
; Total pins                         ; 15 / 163 ( 9 % )                            ;
; Total virtual pins                 ; 0                                           ;
; Total memory bits                  ; 376,832 / 516,096 ( 73 % )                  ;
; Embedded Multiplier 9-bit elements ; 0 / 112 ( 0 % )                             ;
; Total PLLs                         ; 1 / 4 ( 25 % )                              ;
+------------------------------------+---------------------------------------------+


+-----------------------------------------+
; Flow Settings                           ;
+-------------------+---------------------+
; Option            ; Setting             ;
+-------------------+---------------------+
; Start date & time ; 03/30/2024 18:05:32 ;
; Main task         ; Compilation         ;
; Revision Name     ; NES                 ;
+-------------------+---------------------+


+-------------------------------------------------------------------------------------------------------------------------------------+
; Flow Non-Default Global Settings                                                                                                    ;
+-------------------------------------------------+----------------------------------------+---------------+-------------+------------+
; Assignment Name                                 ; Value                                  ; Default Value ; Entity Name ; Section Id ;
+-------------------------------------------------+----------------------------------------+---------------+-------------+------------+
; ALLOW_SHIFT_REGISTER_MERGING_ACROSS_HIERARCHIES ; Always                                 ; Auto          ; --          ; --         ;
; COMPILER_SIGNATURE_ID                           ; 277589983929948.171183633123668        ; --            ; --          ; --         ;
; CYCLONEII_OPTIMIZATION_TECHNIQUE                ; Area                                   ; Balanced      ; --          ; --         ;
; FITTER_AGGRESSIVE_ROUTABILITY_OPTIMIZATION      ; Always                                 ; Automatically ; --          ; --         ;
; FITTER_EFFORT                                   ; Standard Fit                           ; Auto Fit      ; --          ; --         ;
; MAX_CORE_JUNCTION_TEMP                          ; 85                                     ; --            ; --          ; --         ;
; MIN_CORE_JUNCTION_TEMP                          ; 0                                      ; --            ; --          ; --         ;
; MISC_FILE                                       ; vidor50PLL.bsf                         ; --            ; --          ; --         ;
; MISC_FILE                                       ; vidor50PLL.cmp                         ; --            ; --          ; --         ;
; MISC_FILE                                       ; vidor50PLL.ppf                         ; --            ; --          ; --         ;
; MISC_FILE                                       ; ip/SYSTEM_PLL/SYSTEM_PLL.ppf           ; --            ; --          ; --         ;
; NOMINAL_CORE_SUPPLY_VOLTAGE                     ; 1.2V                                   ; --            ; --          ; --         ;
; OUTPUT_IO_TIMING_FAR_END_VMEAS                  ; Half Signal Swing                      ; --            ; --          ; --         ;
; OUTPUT_IO_TIMING_FAR_END_VMEAS                  ; Half Signal Swing                      ; --            ; --          ; --         ;
; OUTPUT_IO_TIMING_NEAR_END_VMEAS                 ; Half Vccio                             ; --            ; --          ; --         ;
; OUTPUT_IO_TIMING_NEAR_END_VMEAS                 ; Half Vccio                             ; --            ; --          ; --         ;
; PARTITION_COLOR                                 ; -- (Not supported for targeted family) ; --            ; --          ; Top        ;
; PARTITION_FITTER_PRESERVATION_LEVEL             ; -- (Not supported for targeted family) ; --            ; --          ; Top        ;
; PARTITION_NETLIST_TYPE                          ; -- (Not supported for targeted family) ; --            ; --          ; Top        ;
; PHYSICAL_SYNTHESIS_EFFORT                       ; Extra                                  ; Normal        ; --          ; --         ;
; POWER_BOARD_THERMAL_MODEL                       ; None (CONSERVATIVE)                    ; --            ; --          ; --         ;
; POWER_PRESET_COOLING_SOLUTION                   ; 23 MM HEAT SINK WITH 200 LFPM AIRFLOW  ; --            ; --          ; --         ;
; PROJECT_OUTPUT_DIRECTORY                        ; output_files                           ; --            ; --          ; --         ;
; QII_AUTO_PACKED_REGISTERS                       ; Minimize Area                          ; Auto          ; --          ; --         ;
; SMART_RECOMPILE                                 ; On                                     ; Off           ; --          ; --         ;
; VERILOG_SHOW_LMF_MAPPING_MESSAGES               ; Off                                    ; --            ; --          ; --         ;
+-------------------------------------------------+----------------------------------------+---------------+-------------+------------+


+--------------------------------------------------------------------------------------------------------------------------+
; Flow Elapsed Time                                                                                                        ;
+----------------------+--------------+-------------------------+---------------------+------------------------------------+
; Module Name          ; Elapsed Time ; Average Processors Used ; Peak Virtual Memory ; Total CPU Time (on all processors) ;
+----------------------+--------------+-------------------------+---------------------+------------------------------------+
; Analysis & Synthesis ; 00:03:47     ; 1.0                     ; 5005 MB             ; 00:01:25                           ;
; Fitter               ; 00:02:56     ; 1.3                     ; 5572 MB             ; 00:01:25                           ;
; Assembler            ; 00:00:04     ; 1.0                     ; 4724 MB             ; 00:00:01                           ;
; Timing Analyzer      ; 00:00:17     ; 1.4                     ; 4973 MB             ; 00:00:09                           ;
; Total                ; 00:07:04     ; --                      ; --                  ; 00:03:00                           ;
+----------------------+--------------+-------------------------+---------------------+------------------------------------+


+------------------------------------------------------------------------------------+
; Flow OS Summary                                                                    ;
+----------------------+------------------+------------+------------+----------------+
; Module Name          ; Machine Hostname ; OS Name    ; OS Version ; Processor type ;
+----------------------+------------------+------------+------------+----------------+
; Analysis & Synthesis ; LAPTOP-CN0HCC22  ; Windows 10 ; 10.0       ; x86_64         ;
; Fitter               ; LAPTOP-CN0HCC22  ; Windows 10 ; 10.0       ; x86_64         ;
; Assembler            ; LAPTOP-CN0HCC22  ; Windows 10 ; 10.0       ; x86_64         ;
; Timing Analyzer      ; LAPTOP-CN0HCC22  ; Windows 10 ; 10.0       ; x86_64         ;
+----------------------+------------------+------------+------------+----------------+


------------
; Flow Log ;
------------
quartus_map --read_settings_files=on --write_settings_files=off NES -c NES
quartus_fit --read_settings_files=off --write_settings_files=off NES -c NES
quartus_asm --read_settings_files=off --write_settings_files=off NES -c NES
quartus_sta NES -c NES



